c:\users\thomas\source\repos\chroma\chroma\third_party\glfw\obj\debug-windows-${cfg.architecture}\glfw\glfw.pdb
c:\users\thomas\source\repos\chroma\chroma\third_party\glfw\obj\debug-windows-${cfg.architecture}\glfw\glfw.idb
c:\users\thomas\source\repos\chroma\chroma\third_party\glfw\obj\debug-windows-${cfg.architecture}\glfw\window.obj
c:\users\thomas\source\repos\chroma\chroma\third_party\glfw\obj\debug-windows-${cfg.architecture}\glfw\win32_window.obj
c:\users\thomas\source\repos\chroma\chroma\third_party\glfw\obj\debug-windows-${cfg.architecture}\glfw\win32_time.obj
c:\users\thomas\source\repos\chroma\chroma\third_party\glfw\obj\debug-windows-${cfg.architecture}\glfw\win32_thread.obj
c:\users\thomas\source\repos\chroma\chroma\third_party\glfw\obj\debug-windows-${cfg.architecture}\glfw\win32_monitor.obj
c:\users\thomas\source\repos\chroma\chroma\third_party\glfw\obj\debug-windows-${cfg.architecture}\glfw\win32_joystick.obj
c:\users\thomas\source\repos\chroma\chroma\third_party\glfw\obj\debug-windows-${cfg.architecture}\glfw\win32_init.obj
c:\users\thomas\source\repos\chroma\chroma\third_party\glfw\obj\debug-windows-${cfg.architecture}\glfw\wgl_context.obj
c:\users\thomas\source\repos\chroma\chroma\third_party\glfw\obj\debug-windows-${cfg.architecture}\glfw\vulkan.obj
c:\users\thomas\source\repos\chroma\chroma\third_party\glfw\obj\debug-windows-${cfg.architecture}\glfw\osmesa_context.obj
c:\users\thomas\source\repos\chroma\chroma\third_party\glfw\obj\debug-windows-${cfg.architecture}\glfw\monitor.obj
c:\users\thomas\source\repos\chroma\chroma\third_party\glfw\obj\debug-windows-${cfg.architecture}\glfw\input.obj
c:\users\thomas\source\repos\chroma\chroma\third_party\glfw\obj\debug-windows-${cfg.architecture}\glfw\init.obj
c:\users\thomas\source\repos\chroma\chroma\third_party\glfw\obj\debug-windows-${cfg.architecture}\glfw\egl_context.obj
c:\users\thomas\source\repos\chroma\chroma\third_party\glfw\obj\debug-windows-${cfg.architecture}\glfw\context.obj
c:\users\thomas\source\repos\chroma\chroma\third_party\glfw\bin\debug-windows-${cfg.architecture}\glfw\glfw.lib
c:\users\thomas\source\repos\chroma\chroma\third_party\glfw\obj\debug-windows-${cfg.architecture}\glfw\glfw.tlog\cl.command.1.tlog
c:\users\thomas\source\repos\chroma\chroma\third_party\glfw\obj\debug-windows-${cfg.architecture}\glfw\glfw.tlog\cl.read.1.tlog
c:\users\thomas\source\repos\chroma\chroma\third_party\glfw\obj\debug-windows-${cfg.architecture}\glfw\glfw.tlog\cl.write.1.tlog
c:\users\thomas\source\repos\chroma\chroma\third_party\glfw\obj\debug-windows-${cfg.architecture}\glfw\glfw.tlog\lib-link.read.1.tlog
c:\users\thomas\source\repos\chroma\chroma\third_party\glfw\obj\debug-windows-${cfg.architecture}\glfw\glfw.tlog\lib-link.write.1.tlog
c:\users\thomas\source\repos\chroma\chroma\third_party\glfw\obj\debug-windows-${cfg.architecture}\glfw\glfw.tlog\lib.command.1.tlog
